<?xml version="1.0" encoding="UTF-8"?>
<!-- Generated by org.testng.reporters.JUnitXMLReporter -->
<testsuite ignored="0" hostname="Akshay-Laptop1" failures="0" tests="5" name="Default test" time="0.035" errors="0" timestamp="29 Jan. 2022 17:54:47 GMT">
  <testcase classname="tests.Testing1" name="f" time="0.004"/>
  <testcase classname="tests.Testing1" name="f" time="0.002"/>
  <testcase classname="tests.Testing1" name="test1" time="0.0"/>
  <testcase classname="tests.Testing1" name="test2" time="0.002"/>
  <testcase classname="tests.Testing1" name="test3" time="0.0"/>
</testsuite> <!-- Default test -->
