-------------------------------------------------------------------------------
Test set: TestSuite
-------------------------------------------------------------------------------
Tests run: 10, Failures: 1, Errors: 0, Skipped: 2, Time elapsed: 0.515 sec <<< FAILURE! - in TestSuite
createUser(tests.Testing3)  Time elapsed: 0.004 sec  <<< FAILURE!
java.lang.AssertionError: expected [abc] but found [abc1]
	at tests.Testing3.createUser(Testing3.java:17)

